 Affected bonds
 
 index, at1, at2, name1, name2, type1, type2, fm_type, fm_K, fm_Req, AMBER_K, AM
 BER_Req
     1    14    15  CE    HE1   CT    H1       1  352.0306    1.0937  340.0000    1.0900
     2    14    16  CE    HE2   CT    H1       1  352.0306    1.0937  340.0000    1.0900
     3    14    17  CE    HE3   CT    H1       1  352.0306    1.0937  340.0000    1.0900
     4    10    11  CG    HG2   CT    H1       1  352.0306    1.0937  340.0000    1.0900
     5    10    12  CG    HG3   CT    H1       1  352.0306    1.0937  340.0000    1.0900
     6     7     8  CB    HB2   CT    HC       2  335.1173    1.0995  340.0000    1.0900
     7     7     9  CB    HB3   CT    HC       2  335.1173    1.0995  340.0000    1.0900
     9    52    53  CE    HE1   CT    H1       1  352.0306    1.0937  340.0000    1.0900
    10    52    54  CE    HE2   CT    H1       1  352.0306    1.0937  340.0000    1.0900
    11    52    55  CE    HE3   CT    H1       1  352.0306    1.0937  340.0000    1.0900
    12    48    49  CG    HG2   CT    H1       1  352.0306    1.0937  340.0000    1.0900
    13    48    50  CG    HG3   CT    H1       1  352.0306    1.0937  340.0000    1.0900
    14    45    46  CB    HB2   CT    HC       2  335.1173    1.0995  340.0000    1.0900
    15    45    47  CB    HB3   CT    HC       2  335.1173    1.0995  340.0000    1.0900
    17    98    99  CE    HE1   CT    H1       1  352.0306    1.0937  340.0000    1.0900
    18    98   100  CE    HE2   CT    H1       1  352.0306    1.0937  340.0000    1.0900
    19    98   101  CE    HE3   CT    H1       1  352.0306    1.0937  340.0000    1.0900
    20    94    95  CG    HG2   CT    H1       1  352.0306    1.0937  340.0000    1.0900
    21    94    96  CG    HG3   CT    H1       1  352.0306    1.0937  340.0000    1.0900
    22    91    92  CB    HB2   CT    HC       2  335.1173    1.0995  340.0000    1.0900
    23    91    93  CB    HB3   CT    HC       2  335.1173    1.0995  340.0000    1.0900
    25    13    14  SD    CE    ST    CT       3   95.0402    1.9153  227.0000    1.8100
    26    13   116  SD    Pt    ST    Pt       4   58.1874    2.3797    0.0000    2.4000
    27    10    13  CG    SD    CT    ST       3   95.0402    1.9153  227.0000    1.8100
    28     7    10  CB    CG    CT    CT       5  186.2858    1.5133  310.0000    1.5260
    32    51    52  SD    CE    S     CT       6   53.4463    1.9353  227.0000    1.8100
    33    51   116  SD    Pt    S     Pt       7   61.3777    2.4242    0.0000    2.4000
    34    48    51  CG    SD    CT    S        6   53.4463    1.9353  227.0000    1.8100
    35    45    48  CB    CG    CT    CT       5  186.2858    1.5133  310.0000    1.5260
    39    97    98  SD    CE    S     CT       6   53.4463    1.9353  227.0000    1.8100
    40    97   116  SD    Pt    S     Pt       7   61.3777    2.4242    0.0000    2.4000
    41    94    97  CG    SD    CT    S        6   53.4463    1.9353  227.0000    1.8100
    42    91    94  CB    CG    CT    CT       5  186.2858    1.5133  310.0000    1.5260
    46   116   117  Pt    Cl-   Pt    IM       8   84.0869    2.3474    0.0000    2.3400
 
 ---------------------
 
 Affected angles
 
 index, at1, at2, at3, name1, name2, name3, type1, type2, type3, fm_type, fm_KT,
  fm_Teq, AMBER_KT, AMBER_Teq
     1    16    14    17  HE2   CE    HE3   H1    CT    H1       1   31.7886  110.6903   35.0000  109.5000
     2    15    14    16  HE1   CE    HE2   H1    CT    H1       1   31.7886  110.6903   35.0000  109.5000
     3    15    14    17  HE1   CE    HE3   H1    CT    H1       1   31.7886  110.6903   35.0000  109.5000
     4    13    14    15  SD    CE    HE1   ST    CT    H1       2   28.7921  106.7310   50.0000  109.5000
     5    13    14    16  SD    CE    HE2   ST    CT    H1       2   28.7921  106.7310   50.0000  109.5000
     6    13    14    17  SD    CE    HE3   ST    CT    H1       2   28.7921  106.7310   50.0000  109.5000
     7    12    10    13  HG3   CG    SD    H1    CT    ST       2   28.7921  106.7310   50.0000  109.5000
     8    11    10    12  HG2   CG    HG3   H1    CT    H1       1   31.7886  110.6903   35.0000  109.5000
     9    11    10    13  HG2   CG    SD    H1    CT    ST       2   28.7921  106.7310   50.0000  109.5000
    10     9     7    10  HB3   CB    CG    HC    CT    CT       3   19.8268  112.0122   50.0000  109.5000
    11     8     7     9  HB2   CB    HB3   HC    CT    HC       4   21.9501  108.6095   35.0000  109.5000
    12     8     7    10  HB2   CB    CG    HC    CT    CT       3   19.8268  112.0122   50.0000  109.5000
    13     7    10    11  CB    CG    HG2   CT    CT    H1       5   29.0857  114.4265   50.0000  109.5000
    14     7    10    12  CB    CG    HG3   CT    CT    H1       5   29.0857  114.4265   50.0000  109.5000
    23    54    52    55  HE2   CE    HE3   H1    CT    H1       1   31.7886  110.6903   35.0000  109.5000
    24    53    52    54  HE1   CE    HE2   H1    CT    H1       1   31.7886  110.6903   35.0000  109.5000
    25    53    52    55  HE1   CE    HE3   H1    CT    H1       1   31.7886  110.6903   35.0000  109.5000
    26    51    52    53  SD    CE    HE1   S     CT    H1       6   22.1917  104.9437   50.0000  109.5000
    27    51    52    54  SD    CE    HE2   S     CT    H1       6   22.1917  104.9437   50.0000  109.5000
    28    51    52    55  SD    CE    HE3   S     CT    H1       6   22.1917  104.9437   50.0000  109.5000
    29    50    48    51  HG3   CG    SD    H1    CT    S        6   22.1917  104.9437   50.0000  109.5000
    30    49    48    50  HG2   CG    HG3   H1    CT    H1       1   31.7886  110.6903   35.0000  109.5000
    31    49    48    51  HG2   CG    SD    H1    CT    S        6   22.1917  104.9437   50.0000  109.5000
    32    47    45    48  HB3   CB    CG    HC    CT    CT       3   19.8268  112.0122   50.0000  109.5000
    33    46    45    47  HB2   CB    HB3   HC    CT    HC       4   21.9501  108.6095   35.0000  109.5000
    34    46    45    48  HB2   CB    CG    HC    CT    CT       3   19.8268  112.0122   50.0000  109.5000
    35    45    48    49  CB    CG    HG2   CT    CT    H1       5   29.0857  114.4265   50.0000  109.5000
    36    45    48    50  CB    CG    HG3   CT    CT    H1       5   29.0857  114.4265   50.0000  109.5000
    43   100    98   101  HE2   CE    HE3   H1    CT    H1       1   31.7886  110.6903   35.0000  109.5000
    44    99    98   100  HE1   CE    HE2   H1    CT    H1       1   31.7886  110.6903   35.0000  109.5000
    45    99    98   101  HE1   CE    HE3   H1    CT    H1       1   31.7886  110.6903   35.0000  109.5000
    46    97    98    99  SD    CE    HE1   S     CT    H1       6   22.1917  104.9437   50.0000  109.5000
    47    97    98   100  SD    CE    HE2   S     CT    H1       6   22.1917  104.9437   50.0000  109.5000
    48    97    98   101  SD    CE    HE3   S     CT    H1       6   22.1917  104.9437   50.0000  109.5000
    49    96    94    97  HG3   CG    SD    H1    CT    S        6   22.1917  104.9437   50.0000  109.5000
    50    95    94    96  HG2   CG    HG3   H1    CT    H1       1   31.7886  110.6903   35.0000  109.5000
    51    95    94    97  HG2   CG    SD    H1    CT    S        6   22.1917  104.9437   50.0000  109.5000
    52    93    91    94  HB3   CB    CG    HC    CT    CT       3   19.8268  112.0122   50.0000  109.5000
    53    92    91    93  HB2   CB    HB3   HC    CT    HC       4   21.9501  108.6095   35.0000  109.5000
    54    92    91    94  HB2   CB    CG    HC    CT    CT       3   19.8268  112.0122   50.0000  109.5000
    55    91    94    95  CB    CG    HG2   CT    CT    H1       5   29.0857  114.4265   50.0000  109.5000
    56    91    94    96  CB    CG    HG3   CT    CT    H1       5   29.0857  114.4265   50.0000  109.5000
    63    14    13   116  CE    SD    Pt    CT    ST    Pt       7   51.4758  109.4306    0.0000   98.9000
    64    13   116    97  SD    Pt    SD    ST    Pt    S        8   64.0548   88.4216    0.0000   90.0000
    65    13   116    51  SD    Pt    SD    ST    Pt    S        8   64.0548   88.4216    0.0000   90.0000
    67    10    13    14  CG    SD    CE    CT    ST    CT       9   50.7943   99.4786   62.0000   98.9000
    68    10    13   116  CG    SD    Pt    CT    ST    Pt       7   51.4758  109.4306    0.0000   98.9000
    70     7    10    13  CB    CG    SD    CT    CT    ST      10   48.8575  107.9552   50.0000  114.7000
    77    52    51   116  CE    SD    Pt    CT    S     Pt      11   19.3510  108.1292    0.0000   98.9000
    79    51   116   117  SD    Pt    Cl-   S     Pt    IM      12   18.3954   91.5866    0.0000   90.0000
    80    48    51    52  CG    SD    CE    CT    S     CT      13   41.2975  101.9169   62.0000   98.9000
    81    48    51   116  CG    SD    Pt    CT    S     Pt      11   19.3510  108.1292    0.0000   98.9000
    83    45    48    51  CB    CG    SD    CT    CT    S       14   46.9273  114.4111   50.0000  114.7000
    90    98    97   116  CE    SD    Pt    CT    S     Pt      11   19.3510  108.1292    0.0000   98.9000
    91    97   116   117  SD    Pt    Cl-   S     Pt    IM      12   18.3954   91.5866    0.0000   90.0000
    92    94    97    98  CG    SD    CE    CT    S     CT      13   41.2975  101.9169   62.0000   98.9000
    93    94    97   116  CG    SD    Pt    CT    S     Pt      11   19.3510  108.1292    0.0000   98.9000
    95    91    94    97  CB    CG    SD    CT    CT    S       14   46.9273  114.4111   50.0000  114.7000
 
 ---------------------
 
 Affected dihedrals
 
 index, at1, at2, at3, at4, name1, name2, name3, name4, type1, type2, type3, typ
 e4, fm_type, PRO/IMP, fm_Vn, AMBER_Vn, AMBER_N, AMBER_phase
   111    13   116    97    94  SD    Pt    SD    CG    ST    Pt    S     CT       1   PRO   10.9352    0.0002    3.0000    0.0000
   112    13   116    97    98  SD    Pt    SD    CE    ST    Pt    S     CT       1   PRO   10.9352    0.0002    3.0000    0.0000
   113    13   116    51    48  SD    Pt    SD    CG    ST    Pt    S     CT       1   PRO   10.9352    0.0002    3.0000    0.0000
   114    13   116    51    52  SD    Pt    SD    CE    ST    Pt    S     CT       1   PRO   10.9352    0.0002    3.0000    0.0000
   116    10    13   116    97  CG    SD    Pt    SD    CT    ST    Pt    S        2   PRO   28.4674    0.0001    3.0000  180.0001
   117    10    13   116    51  CG    SD    Pt    SD    CT    ST    Pt    S        2   PRO   28.4674    0.0001    3.0000  180.0001
   142    52    51   116   117  CE    SD    Pt    Cl-   CT    S     Pt    IM       1   PRO   10.9352    0.0002    3.0000    0.0000
   147    48    51   116   117  CG    SD    Pt    Cl-   CT    S     Pt    IM       1   PRO   10.9352    0.0002    3.0000    0.0000
   173    98    97   116   117  CE    SD    Pt    Cl-   CT    S     Pt    IM       1   PRO   10.9352    0.0002    3.0000    0.0000
   175    94    97   116   117  CG    SD    Pt    Cl-   CT    S     Pt    IM       1   PRO   10.9352    0.0002    3.0000    0.0000
   194    97    13   116   117  SD    SD    Pt    Cl-   S     ST    Pt    IM       3   IMP  423.8328    0.0000    1.0000  180.0001
   195   117    51   116    13  Cl-   SD    Pt    SD    IM    S     Pt    ST       3   IMP  423.8328    0.0000    1.0000  180.0001
