       2       7    CB         0.669065        0.66907
       3       8    HB2       -0.146891       -0.14689
       4       9    HB3       -0.146891       -0.14689
       5      10    CG         0.296405        0.29641
       6      11    HG2       -0.070614       -0.07061
       7      12    HG3       -0.070614       -0.07061
       8      13    SD        -0.388673       -0.38867
       9      14    CE        -0.075120       -0.07512
      10      15    HE1        0.105076        0.10508
      11      16    HE2        0.105076        0.10508
      12      17    HE3        0.105076        0.10508
      14      45    CB         0.669065        0.66907
      15      46    HB2       -0.146891       -0.14689
      16      47    HB3       -0.146891       -0.14689
      17      48    CG         0.296405        0.29641
      18      49    HG2       -0.070614       -0.07061
      19      50    HG3       -0.070614       -0.07061
      20      51    SD        -0.388673       -0.38867
      21      52    CE        -0.075120       -0.07512
      22      53    HE1        0.105076        0.10508
      23      54    HE2        0.105076        0.10508
      24      55    HE3        0.105076        0.10508
      26      91    CB         0.669065        0.66907
      27      92    HB2       -0.146891       -0.14689
      28      93    HB3       -0.146891       -0.14689
      29      94    CG         0.296405        0.29641
      30      95    HG2       -0.070614       -0.07061
      31      96    HG3       -0.070614       -0.07061
      32      97    SD        -0.388673       -0.38867
      33      98    CE        -0.075120       -0.07512
      34      99    HE1        0.105076        0.10508
      35     100    HE2        0.105076        0.10508
      36     101    HE3        0.105076        0.10508
      37     116    Pt         0.358037        0.35804
      38     117    Cl-       -0.332632       -0.33263
  
Q =      1.17109162
